<?xml version="1.0" encoding="UTF-8"?>
<!-- Generated by org.testng.reporters.JUnitReportReporter -->
<testsuite hostname="INL1YV7QDF" failures="0" tests="1" name="Framework.Tests.SubmitOrderTest" time="32.818" errors="0" timestamp="2024-03-30T14:00:44 IST" skipped="0">
  <testcase classname="Framework.Tests.SubmitOrderTest" name="submitOrder" time="32.818"/>
</testsuite> <!-- Framework.Tests.SubmitOrderTest -->
